<?xml version="1.0" encoding="UTF-8" ?>
<testsuite tests="6" failures="0" name="EmCio.RunCucumberTest" time="0.012" errors="0" skipped="0">
  <properties>
[...]
</properties>
  <testcase classname="Find the best multimodal itinerary while travelling on a car" name="Fastest Multimodal Itinerary with only bike rental permitted" time="0.009"/>
  <testcase classname="Find the best multimodal itinerary while travelling on a car" name="Fastest Multimodal Itinerary with only public transport permitted" time="0"/>
  <testcase classname="Find the best parking spot near destination" name="Going with car from Via Morghen to Centro Direzionale" time="0"/>
  <testcase classname="Find the best parking spot near destination" name="Best parking from Via Morghen to Centro Direzionale for cost and  travel time" time="0.001"/>
  <testcase classname="Find the best parking spot near destination" name="Best parking from Via Morghen to Centro Direzionale for cost and  travel time" time="0.001"/>
  <testcase classname="Find the fastest public transport itinerary to destination" name="Going from Piazza Cavour to Via Claudio with public transport" time="0.001"/>
</testsuite>